  pch.cpp
  ClientSocket.cpp
E:\cppProject\RemoteControlSystem_git\RemoteControlSystem\RemoteControlSystem\RemoteControlSystem\remoteControlClient\ClientSocket.h(36,1): warning C4267: “=”: 从“size_t”转换到“DWORD”，可能丢失数据
E:\cppProject\RemoteControlSystem_git\RemoteControlSystem\RemoteControlSystem\RemoteControlSystem\remoteControlClient\ClientSocket.h(120,16): warning C4244: “=”: 从“const DWORD”转换到“WORD”，可能丢失数据
E:\cppProject\RemoteControlSystem_git\RemoteControlSystem\RemoteControlSystem\RemoteControlSystem\remoteControlClient\ClientSocket.h(192,33): error C4996: 'inet_addr': Use inet_pton() or InetPton() instead or define _WINSOCK_DEPRECATED_NO_WARNINGS to disable deprecated API warnings
E:\cppProject\RemoteControlSystem_git\RemoteControlSystem\RemoteControlSystem\RemoteControlSystem\remoteControlClient\ClientSocket.h(226,1): warning C4267: “参数”: 从“size_t”转换到“int”，可能丢失数据
E:\cppProject\RemoteControlSystem_git\RemoteControlSystem\RemoteControlSystem\RemoteControlSystem\remoteControlClient\ClientSocket.h(254,1): warning C4267: “参数”: 从“size_t”转换到“int”，可能丢失数据
E:\cppProject\RemoteControlSystem_git\RemoteControlSystem\RemoteControlSystem\RemoteControlSystem\remoteControlClient\ClientSocket.h(290,1): warning C4267: “初始化”: 从“size_t”转换到“int”，可能丢失数据
E:\cppProject\RemoteControlSystem_git\RemoteControlSystem\RemoteControlSystem\RemoteControlSystem\remoteControlClient\ClientSocket.h(293,1): error C2665: “AfxMessageBox”: 2 个重载中没有一个可以转换所有参数类型
D:\software\vs2019\VC\Tools\MSVC\14.29.30133\atlmfc\include\afxwin.h(6549,12): message : 可能是“int AfxMessageBox(UINT,UINT,UINT)”
D:\software\vs2019\VC\Tools\MSVC\14.29.30133\atlmfc\include\afxwin.h(6547,12): message : 或    “int AfxMessageBox(LPCTSTR,UINT,UINT)”
E:\cppProject\RemoteControlSystem_git\RemoteControlSystem\RemoteControlSystem\RemoteControlSystem\remoteControlClient\ClientSocket.h(293,1): message : 尝试匹配参数列表“(const _Elem *)”时
          with
          [
              _Elem=char
          ]
E:\cppProject\RemoteControlSystem_git\RemoteControlSystem\RemoteControlSystem\RemoteControlSystem\remoteControlClient\ClientSocket.h(295,1): error C2665: “AfxMessageBox”: 2 个重载中没有一个可以转换所有参数类型
D:\software\vs2019\VC\Tools\MSVC\14.29.30133\atlmfc\include\afxwin.h(6549,12): message : 可能是“int AfxMessageBox(UINT,UINT,UINT)”
D:\software\vs2019\VC\Tools\MSVC\14.29.30133\atlmfc\include\afxwin.h(6547,12): message : 或    “int AfxMessageBox(LPCTSTR,UINT,UINT)”
E:\cppProject\RemoteControlSystem_git\RemoteControlSystem\RemoteControlSystem\RemoteControlSystem\remoteControlClient\ClientSocket.h(295,1): message : 尝试匹配参数列表“(const char [9])”时
E:\cppProject\RemoteControlSystem_git\RemoteControlSystem\RemoteControlSystem\RemoteControlSystem\remoteControlClient\ClientSocket.h(297,1): error C2665: “AfxMessageBox”: 2 个重载中没有一个可以转换所有参数类型
D:\software\vs2019\VC\Tools\MSVC\14.29.30133\atlmfc\include\afxwin.h(6549,12): message : 可能是“int AfxMessageBox(UINT,UINT,UINT)”
D:\software\vs2019\VC\Tools\MSVC\14.29.30133\atlmfc\include\afxwin.h(6547,12): message : 或    “int AfxMessageBox(LPCTSTR,UINT,UINT)”
E:\cppProject\RemoteControlSystem_git\RemoteControlSystem\RemoteControlSystem\RemoteControlSystem\remoteControlClient\ClientSocket.h(297,1): message : 尝试匹配参数列表“(const char [9])”时
E:\cppProject\RemoteControlSystem_git\RemoteControlSystem\RemoteControlSystem\RemoteControlSystem\remoteControlClient\ClientSocket.cpp(11,2): error C2664: “DWORD FormatMessageW(DWORD,LPCVOID,DWORD,DWORD,LPWSTR,DWORD,va_list *)”: 无法将参数 5 从“LPSTR”转换为“LPWSTR”
E:\cppProject\RemoteControlSystem_git\RemoteControlSystem\RemoteControlSystem\RemoteControlSystem\remoteControlClient\ClientSocket.cpp(16,10): message : 与指向的类型无关；强制转换要求 reinterpret_cast、C 样式强制转换或函数样式强制转换
C:\Program Files (x86)\Windows Kits\10\Include\10.0.19041.0\um\winbase.h(2471,1): message : 参见“FormatMessageW”的声明
  Controller.cpp
E:\cppProject\RemoteControlSystem_git\RemoteControlSystem\RemoteControlSystem\RemoteControlSystem\remoteControlClient\Controller.cpp(1,1): fatal error C1041: 无法打开程序数据库“E:\cppProject\RemoteControlSystem_git\RemoteControlSystem\RemoteControlSystem\RemoteControlSystem\remoteControlClient\x64\Release\vc142.pdb”；如果要将多个 CL.EXE 写入同一个 .PDB 文件，请使用 /FS
  CScreenDialog.cpp
E:\cppProject\RemoteControlSystem_git\RemoteControlSystem\RemoteControlSystem\RemoteControlSystem\remoteControlClient\CScreenDialog.cpp(4,1): fatal error C1041: 无法打开程序数据库“E:\cppProject\RemoteControlSystem_git\RemoteControlSystem\RemoteControlSystem\RemoteControlSystem\remoteControlClient\x64\Release\vc142.pdb”；如果要将多个 CL.EXE 写入同一个 .PDB 文件，请使用 /FS
  CStatusDlg.cpp
E:\cppProject\RemoteControlSystem_git\RemoteControlSystem\RemoteControlSystem\RemoteControlSystem\remoteControlClient\CStatusDlg.cpp(4,1): fatal error C1041: 无法打开程序数据库“E:\cppProject\RemoteControlSystem_git\RemoteControlSystem\RemoteControlSystem\RemoteControlSystem\remoteControlClient\x64\Release\vc142.pdb”；如果要将多个 CL.EXE 写入同一个 .PDB 文件，请使用 /FS
  remoteControlClient.cpp
E:\cppProject\RemoteControlSystem_git\RemoteControlSystem\RemoteControlSystem\RemoteControlSystem\remoteControlClient\remoteControlClient.cpp(5,1): fatal error C1041: 无法打开程序数据库“E:\cppProject\RemoteControlSystem_git\RemoteControlSystem\RemoteControlSystem\RemoteControlSystem\remoteControlClient\x64\Release\vc142.pdb”；如果要将多个 CL.EXE 写入同一个 .PDB 文件，请使用 /FS
  remoteControlClientDlg.cpp
E:\cppProject\RemoteControlSystem_git\RemoteControlSystem\RemoteControlSystem\RemoteControlSystem\remoteControlClient\remoteControlClientDlg.cpp(5,1): fatal error C1041: 无法打开程序数据库“E:\cppProject\RemoteControlSystem_git\RemoteControlSystem\RemoteControlSystem\RemoteControlSystem\remoteControlClient\x64\Release\vc142.pdb”；如果要将多个 CL.EXE 写入同一个 .PDB 文件，请使用 /FS
  Utils.cpp
