  pch.cpp
  ClientSocket.cpp
E:\cppProject\RemoteControlSystem_git\RemoteControlSystem\RemoteControlSystem\RemoteControlSystem\remoteControlClient\CPacket.h(56,21): warning C4018: “<”: 有符号/无符号不匹配
E:\cppProject\RemoteControlSystem_git\RemoteControlSystem\RemoteControlSystem\RemoteControlSystem\remoteControlClient\ClientSocket.h(41,1): error C2664: “unsigned long inet_addr(const char *)”: 无法将参数 1 从“const wchar_t *”转换为“const char *”
E:\cppProject\RemoteControlSystem_git\RemoteControlSystem\RemoteControlSystem\RemoteControlSystem\remoteControlClient\ClientSocket.h(41,57): message : 与指向的类型无关；强制转换要求 reinterpret_cast、C 样式强制转换或函数样式强制转换
C:\Program Files (x86)\Windows Kits\10\Include\10.0.19041.0\um\WinSock2.h(1831,1): message : 参见“inet_addr”的声明
E:\cppProject\RemoteControlSystem_git\RemoteControlSystem\RemoteControlSystem\RemoteControlSystem\remoteControlClient\ClientSocket.cpp(11,2): error C2664: “DWORD FormatMessageW(DWORD,LPCVOID,DWORD,DWORD,LPWSTR,DWORD,va_list *)”: 无法将参数 5 从“LPSTR”转换为“LPWSTR”
E:\cppProject\RemoteControlSystem_git\RemoteControlSystem\RemoteControlSystem\RemoteControlSystem\remoteControlClient\ClientSocket.cpp(16,10): message : 与指向的类型无关；强制转换要求 reinterpret_cast、C 样式强制转换或函数样式强制转换
C:\Program Files (x86)\Windows Kits\10\Include\10.0.19041.0\um\winbase.h(2471,1): message : 参见“FormatMessageW”的声明
  Controller.cpp
E:\cppProject\RemoteControlSystem_git\RemoteControlSystem\RemoteControlSystem\RemoteControlSystem\remoteControlClient\CPacket.h(56,21): warning C4018: “<”: 有符号/无符号不匹配
E:\cppProject\RemoteControlSystem_git\RemoteControlSystem\RemoteControlSystem\RemoteControlSystem\remoteControlClient\ClientSocket.h(41,1): error C2664: “unsigned long inet_addr(const char *)”: 无法将参数 1 从“const wchar_t *”转换为“const char *”
E:\cppProject\RemoteControlSystem_git\RemoteControlSystem\RemoteControlSystem\RemoteControlSystem\remoteControlClient\ClientSocket.h(41,57): message : 与指向的类型无关；强制转换要求 reinterpret_cast、C 样式强制转换或函数样式强制转换
C:\Program Files (x86)\Windows Kits\10\Include\10.0.19041.0\um\WinSock2.h(1831,1): message : 参见“inet_addr”的声明
  CScreenDialog.cpp
E:\cppProject\RemoteControlSystem_git\RemoteControlSystem\RemoteControlSystem\RemoteControlSystem\remoteControlClient\CPacket.h(56,21): warning C4018: “<”: 有符号/无符号不匹配
E:\cppProject\RemoteControlSystem_git\RemoteControlSystem\RemoteControlSystem\RemoteControlSystem\remoteControlClient\ClientSocket.h(41,1): error C2664: “unsigned long inet_addr(const char *)”: 无法将参数 1 从“const wchar_t *”转换为“const char *”
E:\cppProject\RemoteControlSystem_git\RemoteControlSystem\RemoteControlSystem\RemoteControlSystem\remoteControlClient\ClientSocket.h(41,57): message : 与指向的类型无关；强制转换要求 reinterpret_cast、C 样式强制转换或函数样式强制转换
C:\Program Files (x86)\Windows Kits\10\Include\10.0.19041.0\um\WinSock2.h(1831,1): message : 参见“inet_addr”的声明
E:\cppProject\RemoteControlSystem_git\RemoteControlSystem\RemoteControlSystem\RemoteControlSystem\remoteControlClient\CScreenDialog.cpp(58,14): warning C4244: “初始化”: 从“int”转换到“float”，可能丢失数据
E:\cppProject\RemoteControlSystem_git\RemoteControlSystem\RemoteControlSystem\RemoteControlSystem\remoteControlClient\CScreenDialog.cpp(59,15): warning C4244: “初始化”: 从“int”转换到“float”，可能丢失数据
E:\cppProject\RemoteControlSystem_git\RemoteControlSystem\RemoteControlSystem\RemoteControlSystem\remoteControlClient\CScreenDialog.cpp(62,8): warning C4244: “初始化”: 从“float”转换到“int”，可能丢失数据
E:\cppProject\RemoteControlSystem_git\RemoteControlSystem\RemoteControlSystem\RemoteControlSystem\remoteControlClient\CScreenDialog.cpp(63,8): warning C4244: “初始化”: 从“float”转换到“int”，可能丢失数据
  CStatusDlg.cpp
  remoteControlClient.cpp
E:\cppProject\RemoteControlSystem_git\RemoteControlSystem\RemoteControlSystem\RemoteControlSystem\remoteControlClient\CPacket.h(56,21): warning C4018: “<”: 有符号/无符号不匹配
E:\cppProject\RemoteControlSystem_git\RemoteControlSystem\RemoteControlSystem\RemoteControlSystem\remoteControlClient\ClientSocket.h(41,1): error C2664: “unsigned long inet_addr(const char *)”: 无法将参数 1 从“const wchar_t *”转换为“const char *”
E:\cppProject\RemoteControlSystem_git\RemoteControlSystem\RemoteControlSystem\RemoteControlSystem\remoteControlClient\ClientSocket.h(41,57): message : 与指向的类型无关；强制转换要求 reinterpret_cast、C 样式强制转换或函数样式强制转换
C:\Program Files (x86)\Windows Kits\10\Include\10.0.19041.0\um\WinSock2.h(1831,1): message : 参见“inet_addr”的声明
  remoteControlClientDlg.cpp
E:\cppProject\RemoteControlSystem_git\RemoteControlSystem\RemoteControlSystem\RemoteControlSystem\remoteControlClient\CPacket.h(56,21): warning C4018: “<”: 有符号/无符号不匹配
E:\cppProject\RemoteControlSystem_git\RemoteControlSystem\RemoteControlSystem\RemoteControlSystem\remoteControlClient\ClientSocket.h(41,1): error C2664: “unsigned long inet_addr(const char *)”: 无法将参数 1 从“const wchar_t *”转换为“const char *”
E:\cppProject\RemoteControlSystem_git\RemoteControlSystem\RemoteControlSystem\RemoteControlSystem\remoteControlClient\ClientSocket.h(41,57): message : 与指向的类型无关；强制转换要求 reinterpret_cast、C 样式强制转换或函数样式强制转换
C:\Program Files (x86)\Windows Kits\10\Include\10.0.19041.0\um\WinSock2.h(1831,1): message : 参见“inet_addr”的声明
  The contents of <filesystem> are available only with C++17 or later.
E:\cppProject\RemoteControlSystem_git\RemoteControlSystem\RemoteControlSystem\RemoteControlSystem\remoteControlClient\remoteControlClientDlg.cpp(199,33): error C2665: “AfxMessageBox”: 2 个重载中没有一个可以转换所有参数类型
D:\software\vs2019\VC\Tools\MSVC\14.29.30133\atlmfc\include\afxwin.h(6549,12): message : 可能是“int AfxMessageBox(UINT,UINT,UINT)”
D:\software\vs2019\VC\Tools\MSVC\14.29.30133\atlmfc\include\afxwin.h(6547,12): message : 或    “int AfxMessageBox(LPCTSTR,UINT,UINT)”
E:\cppProject\RemoteControlSystem_git\RemoteControlSystem\RemoteControlSystem\RemoteControlSystem\remoteControlClient\remoteControlClientDlg.cpp(199,33): message : 尝试匹配参数列表“(const char [11])”时
E:\cppProject\RemoteControlSystem_git\RemoteControlSystem\RemoteControlSystem\RemoteControlSystem\remoteControlClient\remoteControlClientDlg.cpp(207,31): error C2665: “AfxMessageBox”: 2 个重载中没有一个可以转换所有参数类型
D:\software\vs2019\VC\Tools\MSVC\14.29.30133\atlmfc\include\afxwin.h(6549,12): message : 可能是“int AfxMessageBox(UINT,UINT,UINT)”
D:\software\vs2019\VC\Tools\MSVC\14.29.30133\atlmfc\include\afxwin.h(6547,12): message : 或    “int AfxMessageBox(LPCTSTR,UINT,UINT)”
E:\cppProject\RemoteControlSystem_git\RemoteControlSystem\RemoteControlSystem\RemoteControlSystem\remoteControlClient\remoteControlClientDlg.cpp(207,31): message : 尝试匹配参数列表“(const char [9])”时
E:\cppProject\RemoteControlSystem_git\RemoteControlSystem\RemoteControlSystem\RemoteControlSystem\remoteControlClient\remoteControlClientDlg.cpp(210,31): error C2665: “AfxMessageBox”: 2 个重载中没有一个可以转换所有参数类型
D:\software\vs2019\VC\Tools\MSVC\14.29.30133\atlmfc\include\afxwin.h(6549,12): message : 可能是“int AfxMessageBox(UINT,UINT,UINT)”
D:\software\vs2019\VC\Tools\MSVC\14.29.30133\atlmfc\include\afxwin.h(6547,12): message : 或    “int AfxMessageBox(LPCTSTR,UINT,UINT)”
E:\cppProject\RemoteControlSystem_git\RemoteControlSystem\RemoteControlSystem\RemoteControlSystem\remoteControlClient\remoteControlClientDlg.cpp(210,31): message : 尝试匹配参数列表“(const char [9])”时
E:\cppProject\RemoteControlSystem_git\RemoteControlSystem\RemoteControlSystem\RemoteControlSystem\remoteControlClient\remoteControlClientDlg.cpp(238,63): error C2664: “HTREEITEM CTreeCtrl::InsertItem(LPCTSTR,HTREEITEM,HTREEITEM)”: 无法将参数 1 从“const _Elem *”转换为“LPCTSTR”
          with
          [
              _Elem=char
          ]
E:\cppProject\RemoteControlSystem_git\RemoteControlSystem\RemoteControlSystem\RemoteControlSystem\remoteControlClient\remoteControlClientDlg.cpp(238,41): message : 与指向的类型无关；强制转换要求 reinterpret_cast、C 样式强制转换或函数样式强制转换
D:\software\vs2019\VC\Tools\MSVC\14.29.30133\atlmfc\include\afxcmn.h(921,12): message : 参见“CTreeCtrl::InsertItem”的声明
E:\cppProject\RemoteControlSystem_git\RemoteControlSystem\RemoteControlSystem\RemoteControlSystem\remoteControlClient\remoteControlClientDlg.cpp(277,12): error C2440: “return”: 无法从“const char [1]”转换为“ATL::CStringT<wchar_t,StrTraitMFC<wchar_t,ATL::ChTraitsCRT<wchar_t>>>”
E:\cppProject\RemoteControlSystem_git\RemoteControlSystem\RemoteControlSystem\RemoteControlSystem\remoteControlClient\remoteControlClientDlg.cpp(277,12): message : class“ATL::CStringT<wchar_t,StrTraitMFC<wchar_t,ATL::ChTraitsCRT<wchar_t>>>”的构造函数声明为“explicit”
E:\cppProject\RemoteControlSystem_git\RemoteControlSystem\RemoteControlSystem\RemoteControlSystem\remoteControlClient\remoteControlClientDlg.cpp(367,7): error C2039: "LoadMenuA": 不是 "CMenu" 的成员
D:\software\vs2019\VC\Tools\MSVC\14.29.30133\atlmfc\include\afxwin.h(1135): message : 参见“CMenu”的声明
  Utils.cpp
  正在生成代码...
