e:\cppproject\remotecontrolsystem_git\remotecontrolsystem\remotecontrolsystem\remotecontrolserver\x64\release\remotecontrolserver.pch
e:\cppproject\remotecontrolsystem_git\remotecontrolsystem\remotecontrolsystem\remotecontrolserver\x64\release\vc142.pdb
e:\cppproject\remotecontrolsystem_git\remotecontrolsystem\remotecontrolsystem\remotecontrolserver\x64\release\pch.obj
e:\cppproject\remotecontrolsystem_git\remotecontrolsystem\remotecontrolsystem\remotecontrolserver\x64\release\serversocket.obj
e:\cppproject\remotecontrolsystem_git\remotecontrolsystem\remotecontrolsystem\remotecontrolserver\x64\release\remotecontrolserver.obj
e:\cppproject\remotecontrolsystem_git\remotecontrolsystem\remotecontrolsystem\remotecontrolserver\x64\release\clockdlg.obj
e:\cppproject\remotecontrolsystem_git\remotecontrolsystem\remotecontrolsystem\remotecontrolserver\x64\release\remotecontrolserver.exe
e:\cppproject\remotecontrolsystem_git\remotecontrolsystem\remotecontrolsystem\remotecontrolserver\x64\release\remotecontrolserver.pdb
e:\cppproject\remotecontrolsystem_git\remotecontrolsystem\remotecontrolsystem\remotecontrolserver\x64\release\remotecontrolserver.res
e:\cppproject\remotecontrolsystem_git\remotecontrolsystem\remotecontrolsystem\remotecontrolserver\x64\release\remotecontrolserver.iobj
e:\cppproject\remotecontrolsystem_git\remotecontrolsystem\remotecontrolsystem\remotecontrolserver\x64\release\remoteco.0b4db965.tlog\cl.command.1.tlog
e:\cppproject\remotecontrolsystem_git\remotecontrolsystem\remotecontrolsystem\remotecontrolserver\x64\release\remoteco.0b4db965.tlog\cl.read.1.tlog
e:\cppproject\remotecontrolsystem_git\remotecontrolsystem\remotecontrolsystem\remotecontrolserver\x64\release\remoteco.0b4db965.tlog\cl.write.1.tlog
e:\cppproject\remotecontrolsystem_git\remotecontrolsystem\remotecontrolsystem\remotecontrolserver\x64\release\remoteco.0b4db965.tlog\link.command.1.tlog
e:\cppproject\remotecontrolsystem_git\remotecontrolsystem\remotecontrolsystem\remotecontrolserver\x64\release\remoteco.0b4db965.tlog\link.read.1.tlog
e:\cppproject\remotecontrolsystem_git\remotecontrolsystem\remotecontrolsystem\remotecontrolserver\x64\release\remoteco.0b4db965.tlog\link.write.1.tlog
e:\cppproject\remotecontrolsystem_git\remotecontrolsystem\remotecontrolsystem\remotecontrolserver\x64\release\remoteco.0b4db965.tlog\rc.command.1.tlog
e:\cppproject\remotecontrolsystem_git\remotecontrolsystem\remotecontrolsystem\remotecontrolserver\x64\release\remoteco.0b4db965.tlog\rc.read.1.tlog
e:\cppproject\remotecontrolsystem_git\remotecontrolsystem\remotecontrolsystem\remotecontrolserver\x64\release\remoteco.0b4db965.tlog\rc.write.1.tlog
e:\cppproject\remotecontrolsystem_git\remotecontrolsystem\remotecontrolsystem\remotecontrolserver\x64\release\remoteco.0b4db965.tlog\remotecontrolserver.write.1u.tlog
